Release 14.7 - ngc2edif P.20131013 (nt64)
Copyright (c) 1995-2013 Xilinx, Inc.  All rights reserved.
Reading design MIPS.ngc ...
WARNING:NetListWriters:298 - No output is written to MIPS.xncf, ignored.
Processing design ...
   Preping design's networks ...
   Preping design's macros ...
  finished :Prep
Writing EDIF netlist file MIPS.edif ...
ngc2edif: Total memory usage is 81856 kilobytes

Release 14.7 - ngc2edif P.20131013 (nt64)
Copyright (c) 1995-2013 Xilinx, Inc.  All rights reserved.
Reading design MIPS.ngc ...
WARNING:NetListWriters:298 - No output is written to MIPS.xncf, ignored.
Processing design ...
   Preping design's networks ...
   Preping design's macros ...
WARNING:NetListWriters:306 - Signal bus u_id_exe/imm_o<15 : 0> on block MIPS is
   not reconstructed, because there are some missing bus signals.
WARNING:NetListWriters:306 - Signal bus u_mem/Mcompar_ram1_en_cmp_ge0000_lut<5 :
   1> on block MIPS is not reconstructed, because there are some missing bus
   signals.
  finished :Prep
Writing EDIF netlist file MIPS.edif ...
ngc2edif: Total memory usage is 94144 kilobytes

Release 14.7 - ngc2edif P.20131013 (nt64)
Copyright (c) 1995-2013 Xilinx, Inc.  All rights reserved.
Reading design MIPS.ngc ...
WARNING:NetListWriters:298 - No output is written to MIPS.xncf, ignored.
Processing design ...
   Preping design's networks ...
   Preping design's macros ...
WARNING:NetListWriters:306 - Signal bus u_id_exe/imm_o<15 : 0> on block MIPS is
   not reconstructed, because there are some missing bus signals.
WARNING:NetListWriters:306 - Signal bus u_mem/Mcompar_ram1_en_cmp_ge0000_lut<5 :
   1> on block MIPS is not reconstructed, because there are some missing bus
   signals.
  finished :Prep
Writing EDIF netlist file MIPS.edif ...
ngc2edif: Total memory usage is 94144 kilobytes

Release 14.7 - ngc2edif P.20131013 (nt64)
Copyright (c) 1995-2013 Xilinx, Inc.  All rights reserved.
Reading design MIPS.ngc ...
WARNING:NetListWriters:298 - No output is written to MIPS.xncf, ignored.
Processing design ...
   Preping design's networks ...
   Preping design's macros ...
WARNING:NetListWriters:306 - Signal bus u_id_exe/imm_o<15 : 0> on block MIPS is
   not reconstructed, because there are some missing bus signals.
WARNING:NetListWriters:306 - Signal bus u_mem/Mcompar_ram1_en_cmp_ge0000_lut<5 :
   1> on block MIPS is not reconstructed, because there are some missing bus
   signals.
  finished :Prep
Writing EDIF netlist file MIPS.edif ...
ngc2edif: Total memory usage is 94144 kilobytes

