#-----------------------------------------------------------
# PlanAhead v14.7 (64-bit)
# Build 321239 by xbuild on Fri Sep 27 19:29:51 MDT 2013
# Start of session at: Thu Nov 24 06:54:36 2016
# Process ID: 2784
# Log file: D:/xlinix/MIPS16/planAhead_run_1/planAhead.log
# Journal file: D:/xlinix/MIPS16/planAhead_run_1/planAhead.jou
#-----------------------------------------------------------
INFO: [Common 17-78] Attempting to get a license: PlanAhead
INFO: [Common 17-290] Got license for PlanAhead
INFO: [Device 21-36] Loading parts and site information from D:/xlinix/14.7/ISE_DS/PlanAhead/data/parts/arch.xml
Parsing RTL primitives file [D:/xlinix/14.7/ISE_DS/PlanAhead/data/parts/xilinx/rtl/prims/rtl_prims.xml]
Finished parsing RTL primitives file [D:/xlinix/14.7/ISE_DS/PlanAhead/data/parts/xilinx/rtl/prims/rtl_prims.xml]
start_gui
source D:/xlinix/MIPS16/pa.fromNetlist.tcl
# create_project -name MIPS16 -dir "D:/xlinix/MIPS16/planAhead_run_1" -part xc3s1200efg320-4
# set_property design_mode GateLvl [get_property srcset [current_run -impl]]
# set_property edif_top_file "D:/xlinix/MIPS16/MIPS.ngc" [ get_property srcset [ current_run ] ]
# add_files -norecurse { {D:/xlinix/MIPS16} }
# set_param project.pinAheadLayout  yes
# set_property target_constrs_file "MIPS.ucf" [current_fileset -constrset]
Adding file 'D:/xlinix/MIPS16/MIPS.ucf' to fileset 'constrs_1'
# add_files [list {MIPS.ucf}] -fileset [get_property constrset [current_run]]
# link_design
Design is defaulting to srcset: sources_1
Design is defaulting to constrset: constrs_1
Design is defaulting to project part: xc3s1200efg320-4
Release 14.7 - ngc2edif P.20131013 (nt64)
Copyright (c) 1995-2013 Xilinx, Inc.  All rights reserved.
Reading design MIPS.ngc ...
WARNING:NetListWriters:298 - No output is written to MIPS.xncf, ignored.
Processing design ...
   Preping design's networks ...
   Preping design's macros ...
  finished :Prep
Writing EDIF netlist file MIPS.edif ...
ngc2edif: Total memory usage is 81856 kilobytes

Parsing EDIF File [./planAhead_run_1/MIPS16.data/cache/MIPS_ngc_zx.edif]
Finished Parsing EDIF File [./planAhead_run_1/MIPS16.data/cache/MIPS_ngc_zx.edif]
INFO: [Designutils 20-910] Reading macro library D:/xlinix/14.7/ISE_DS/PlanAhead/data\./parts/xilinx/spartan3e/spartan3e/hd_int_macros.edn
Parsing EDIF File [D:/xlinix/14.7/ISE_DS/PlanAhead/data\./parts/xilinx/spartan3e/spartan3e/hd_int_macros.edn]
Finished Parsing EDIF File [D:/xlinix/14.7/ISE_DS/PlanAhead/data\./parts/xilinx/spartan3e/spartan3e/hd_int_macros.edn]
Loading clock regions from D:/xlinix/14.7/ISE_DS/PlanAhead/data\parts/xilinx/spartan3e/spartan3e/xc3s1200e/ClockRegion.xml
Loading clock buffers from D:/xlinix/14.7/ISE_DS/PlanAhead/data\parts/xilinx/spartan3e/spartan3e/xc3s1200e/ClockBuffers.xml
Loading package from D:/xlinix/14.7/ISE_DS/PlanAhead/data\parts/xilinx/spartan3e/spartan3e/xc3s1200e/fg320/Package.xml
Loading io standards from D:/xlinix/14.7/ISE_DS/PlanAhead/data\./parts/xilinx/spartan3e/IOStandards.xml
INFO: [Device 21-19] Loading pkg sso from D:/xlinix/14.7/ISE_DS/PlanAhead/data\parts/xilinx/spartan3e/spartan3e/xc3s1200e/fg320/SSORules.xml
Loading list of drcs for the architecture : D:/xlinix/14.7/ISE_DS/PlanAhead/data\./parts/xilinx/spartan3e/spartan3e/drc.xml
INFO: [Timing 38-77] Reading timing library D:/xlinix/14.7/ISE_DS/PlanAhead/data\parts/xilinx/spartan3e/spartan3e/spartan3e-4.lib.
INFO: [Timing 38-34] Done reading timing library D:/xlinix/14.7/ISE_DS/PlanAhead/data\parts/xilinx/spartan3e/spartan3e/spartan3e-4.lib.
Parsing UCF File [D:/xlinix/MIPS16/MIPS.ucf]
Finished Parsing UCF File [D:/xlinix/MIPS16/MIPS.ucf]
INFO: [Project 1-111] Unisim Transformation Summary:
No Unisim elements were transformed.

Phase 0 | Netlist Checksum: 2107ea75
link_design: Time (s): elapsed = 00:00:16 . Memory (MB): peak = 551.004 ; gain = 114.359
